2025-01-06 18:16:23,394. .git *** None ***Папка *** Python_deepening
2025-01-06 18:16:23,394. .idea *** None ***Папка *** Python_deepening
2025-01-06 18:16:23,394. csv_DictReader&DictWriter *** png ***Файл *** Python_deepening
2025-01-06 18:16:23,394. Decorators *** None ***Папка *** Python_deepening
2025-01-06 18:16:23,394. Extensions *** None ***Папка *** Python_deepening
2025-01-06 18:16:23,394. Files_and_Directories_(7) *** None ***Папка *** Python_deepening
2025-01-06 18:16:23,394. functions *** png ***Файл *** Python_deepening
2025-01-06 18:16:23,394. help_func *** py ***Файл *** Python_deepening
2025-01-06 18:16:23,416. max() *** png ***Файл *** Python_deepening
2025-01-06 18:16:23,416. OOP *** None ***Папка *** Python_deepening
2025-01-06 18:16:23,416. quadratic_equations *** png ***Файл *** Python_deepening
2025-01-06 18:16:23,416. sem_1 *** None ***Папка *** Python_deepening
2025-01-06 18:16:23,416. sem_2 *** None ***Папка *** Python_deepening
2025-01-06 18:16:23,416. Sem_3 *** None ***Папка *** Python_deepening
2025-01-06 18:16:23,416. Sem_4 *** None ***Папка *** Python_deepening
2025-01-06 18:16:23,416. Sem_5 *** None ***Папка *** Python_deepening
2025-01-06 18:16:23,416. Sem_6 *** None ***Папка *** Python_deepening
2025-01-06 18:16:23,416. Serialization *** None ***Папка *** Python_deepening
2025-01-06 18:16:23,416. Standart_libraries *** None ***Папка *** Python_deepening
2025-01-06 18:16:23,416. Testing *** None ***Папка *** Python_deepening
2025-01-06 18:16:23,416. test_db *** py ***Файл *** Python_deepening
2025-01-06 18:16:23,416. text_types_hash_id *** py ***Файл *** Python_deepening
